[0.433s] Invoking command in '/home/shivam/ros2Workspace03/src/my_robot_controller': PYTHONPATH=/home/shivam/ros2Workspace03/build/my_robot_controller/prefix_override:/home/shivam/ros2Workspace03/install/my_robot_controller/lib/python3.10/site-packages:${PYTHONPATH} /usr/bin/python3 setup.py egg_info --egg-base ../../build/my_robot_controller build --build-base /home/shivam/ros2Workspace03/build/my_robot_controller/build install --record /home/shivam/ros2Workspace03/build/my_robot_controller/install.log --single-version-externally-managed
[0.573s] running egg_info
[0.573s] writing ../../build/my_robot_controller/my_robot_controller.egg-info/PKG-INFO
[0.573s] writing dependency_links to ../../build/my_robot_controller/my_robot_controller.egg-info/dependency_links.txt
[0.573s] writing entry points to ../../build/my_robot_controller/my_robot_controller.egg-info/entry_points.txt
[0.574s] writing requirements to ../../build/my_robot_controller/my_robot_controller.egg-info/requires.txt
[0.574s] writing top-level names to ../../build/my_robot_controller/my_robot_controller.egg-info/top_level.txt
[0.575s] reading manifest file '../../build/my_robot_controller/my_robot_controller.egg-info/SOURCES.txt'
[0.576s] writing manifest file '../../build/my_robot_controller/my_robot_controller.egg-info/SOURCES.txt'
[0.576s] running build
[0.576s] running build_py
[0.576s] running install
[0.577s] running install_lib
[0.577s] running install_data
[0.577s] running install_egg_info
[0.579s] removing '/home/shivam/ros2Workspace03/install/my_robot_controller/lib/python3.10/site-packages/my_robot_controller-0.0.0-py3.10.egg-info' (and everything under it)
[0.579s] Copying ../../build/my_robot_controller/my_robot_controller.egg-info to /home/shivam/ros2Workspace03/install/my_robot_controller/lib/python3.10/site-packages/my_robot_controller-0.0.0-py3.10.egg-info
[0.580s] running install_scripts
[0.592s] writing list of installed files to '/home/shivam/ros2Workspace03/build/my_robot_controller/install.log'
[0.613s] Invoked command in '/home/shivam/ros2Workspace03/src/my_robot_controller' returned '0': PYTHONPATH=/home/shivam/ros2Workspace03/build/my_robot_controller/prefix_override:/home/shivam/ros2Workspace03/install/my_robot_controller/lib/python3.10/site-packages:${PYTHONPATH} /usr/bin/python3 setup.py egg_info --egg-base ../../build/my_robot_controller build --build-base /home/shivam/ros2Workspace03/build/my_robot_controller/build install --record /home/shivam/ros2Workspace03/build/my_robot_controller/install.log --single-version-externally-managed
