[1.343s] DEBUG:colcon:Command line arguments: ['/usr/bin/colcon', 'list', '-p', '--base-paths', '/home/shivam/ros2Workspace03']
[1.343s] DEBUG:colcon:Parsed command line arguments: Namespace(log_base=None, log_level=None, verb_name='list', build_base='build', ignore_user_meta=False, metas=['./colcon.meta'], base_paths=['/home/shivam/ros2Workspace03'], packages_ignore=None, packages_ignore_regex=None, paths=None, packages_up_to=None, packages_up_to_regex=None, packages_above=None, packages_above_and_dependencies=None, packages_above_depth=None, packages_select_by_dep=None, packages_skip_by_dep=None, packages_skip_up_to=None, packages_select_build_failed=False, packages_skip_build_finished=False, packages_select_test_failures=False, packages_skip_test_passed=False, packages_select=None, packages_skip=None, packages_select_regex=None, packages_skip_regex=None, packages_start=None, packages_end=None, allow_overriding=[], topological_order=False, names_only=False, paths_only=True, topological_graph=False, topological_graph_dot=False, topological_graph_density=False, topological_graph_legend=False, topological_graph_dot_cluster=False, topological_graph_dot_include_skipped=False, verb_parser=<colcon_defaults.argument_parser.defaults.DefaultArgumentsDecorator object at 0x7fa5e5b60a00>, verb_extension=<colcon_package_information.verb.list.ListVerb object at 0x7fa5e5b92fb0>, main=<bound method ListVerb.main of <colcon_package_information.verb.list.ListVerb object at 0x7fa5e5b92fb0>>)
[1.409s] Level 1:colcon.colcon_core.package_discovery:discover_packages(colcon_meta) check parameters
[1.409s] Level 1:colcon.colcon_core.package_discovery:discover_packages(recursive) check parameters
[1.409s] Level 1:colcon.colcon_core.package_discovery:discover_packages(ignore) check parameters
[1.409s] Level 1:colcon.colcon_core.package_discovery:discover_packages(path) check parameters
[1.409s] Level 1:colcon.colcon_core.package_discovery:discover_packages(recursive) discover
[1.409s] INFO:colcon.colcon_core.package_discovery:Crawling recursively for packages in '/home/shivam/ros2Workspace03'
[1.409s] Level 1:colcon.colcon_core.package_identification:_identify(/home/shivam/ros2Workspace03) by extensions ['ignore', 'ignore_ament_install']
[1.410s] Level 1:colcon.colcon_core.package_identification:_identify(/home/shivam/ros2Workspace03) by extension 'ignore'
[1.410s] Level 1:colcon.colcon_core.package_identification:_identify(/home/shivam/ros2Workspace03) by extension 'ignore_ament_install'
[1.410s] Level 1:colcon.colcon_core.package_identification:_identify(/home/shivam/ros2Workspace03) by extensions ['colcon_pkg']
[1.410s] Level 1:colcon.colcon_core.package_identification:_identify(/home/shivam/ros2Workspace03) by extension 'colcon_pkg'
[1.410s] Level 1:colcon.colcon_core.package_identification:_identify(/home/shivam/ros2Workspace03) by extensions ['colcon_meta']
[1.410s] Level 1:colcon.colcon_core.package_identification:_identify(/home/shivam/ros2Workspace03) by extension 'colcon_meta'
[1.410s] Level 1:colcon.colcon_core.package_identification:_identify(/home/shivam/ros2Workspace03) by extensions ['ros']
[1.411s] Level 1:colcon.colcon_core.package_identification:_identify(/home/shivam/ros2Workspace03) by extension 'ros'
[1.433s] Level 1:colcon.colcon_core.package_identification:_identify(/home/shivam/ros2Workspace03) by extensions ['cmake', 'python']
[1.433s] Level 1:colcon.colcon_core.package_identification:_identify(/home/shivam/ros2Workspace03) by extension 'cmake'
[1.433s] Level 1:colcon.colcon_core.package_identification:_identify(/home/shivam/ros2Workspace03) by extension 'python'
[1.433s] Level 1:colcon.colcon_core.package_identification:_identify(/home/shivam/ros2Workspace03) by extensions ['python_setup_py']
[1.433s] Level 1:colcon.colcon_core.package_identification:_identify(/home/shivam/ros2Workspace03) by extension 'python_setup_py'
[1.433s] Level 1:colcon.colcon_core.package_identification:_identify(/home/shivam/ros2Workspace03/build) by extensions ['ignore', 'ignore_ament_install']
[1.433s] Level 1:colcon.colcon_core.package_identification:_identify(/home/shivam/ros2Workspace03/build) by extension 'ignore'
[1.433s] Level 1:colcon.colcon_core.package_identification:_identify(/home/shivam/ros2Workspace03/build) ignored
[1.434s] Level 1:colcon.colcon_core.package_identification:_identify(/home/shivam/ros2Workspace03/install) by extensions ['ignore', 'ignore_ament_install']
[1.434s] Level 1:colcon.colcon_core.package_identification:_identify(/home/shivam/ros2Workspace03/install) by extension 'ignore'
[1.434s] Level 1:colcon.colcon_core.package_identification:_identify(/home/shivam/ros2Workspace03/install) ignored
[1.434s] Level 1:colcon.colcon_core.package_identification:_identify(/home/shivam/ros2Workspace03/log) by extensions ['ignore', 'ignore_ament_install']
[1.434s] Level 1:colcon.colcon_core.package_identification:_identify(/home/shivam/ros2Workspace03/log) by extension 'ignore'
[1.434s] Level 1:colcon.colcon_core.package_identification:_identify(/home/shivam/ros2Workspace03/log) ignored
[1.434s] Level 1:colcon.colcon_core.package_identification:_identify(/home/shivam/ros2Workspace03/src) by extensions ['ignore', 'ignore_ament_install']
[1.434s] Level 1:colcon.colcon_core.package_identification:_identify(/home/shivam/ros2Workspace03/src) by extension 'ignore'
[1.434s] Level 1:colcon.colcon_core.package_identification:_identify(/home/shivam/ros2Workspace03/src) by extension 'ignore_ament_install'
[1.434s] Level 1:colcon.colcon_core.package_identification:_identify(/home/shivam/ros2Workspace03/src) by extensions ['colcon_pkg']
[1.434s] Level 1:colcon.colcon_core.package_identification:_identify(/home/shivam/ros2Workspace03/src) by extension 'colcon_pkg'
[1.434s] Level 1:colcon.colcon_core.package_identification:_identify(/home/shivam/ros2Workspace03/src) by extensions ['colcon_meta']
[1.434s] Level 1:colcon.colcon_core.package_identification:_identify(/home/shivam/ros2Workspace03/src) by extension 'colcon_meta'
[1.434s] Level 1:colcon.colcon_core.package_identification:_identify(/home/shivam/ros2Workspace03/src) by extensions ['ros']
[1.434s] Level 1:colcon.colcon_core.package_identification:_identify(/home/shivam/ros2Workspace03/src) by extension 'ros'
[1.435s] Level 1:colcon.colcon_core.package_identification:_identify(/home/shivam/ros2Workspace03/src) by extensions ['cmake', 'python']
[1.435s] Level 1:colcon.colcon_core.package_identification:_identify(/home/shivam/ros2Workspace03/src) by extension 'cmake'
[1.435s] Level 1:colcon.colcon_core.package_identification:_identify(/home/shivam/ros2Workspace03/src) by extension 'python'
[1.435s] Level 1:colcon.colcon_core.package_identification:_identify(/home/shivam/ros2Workspace03/src) by extensions ['python_setup_py']
[1.435s] Level 1:colcon.colcon_core.package_identification:_identify(/home/shivam/ros2Workspace03/src) by extension 'python_setup_py'
[1.435s] Level 1:colcon.colcon_core.package_identification:_identify(/home/shivam/ros2Workspace03/src/my_robot_controller) by extensions ['ignore', 'ignore_ament_install']
[1.435s] Level 1:colcon.colcon_core.package_identification:_identify(/home/shivam/ros2Workspace03/src/my_robot_controller) by extension 'ignore'
[1.435s] Level 1:colcon.colcon_core.package_identification:_identify(/home/shivam/ros2Workspace03/src/my_robot_controller) by extension 'ignore_ament_install'
[1.435s] Level 1:colcon.colcon_core.package_identification:_identify(/home/shivam/ros2Workspace03/src/my_robot_controller) by extensions ['colcon_pkg']
[1.435s] Level 1:colcon.colcon_core.package_identification:_identify(/home/shivam/ros2Workspace03/src/my_robot_controller) by extension 'colcon_pkg'
[1.435s] Level 1:colcon.colcon_core.package_identification:_identify(/home/shivam/ros2Workspace03/src/my_robot_controller) by extensions ['colcon_meta']
[1.435s] Level 1:colcon.colcon_core.package_identification:_identify(/home/shivam/ros2Workspace03/src/my_robot_controller) by extension 'colcon_meta'
[1.435s] Level 1:colcon.colcon_core.package_identification:_identify(/home/shivam/ros2Workspace03/src/my_robot_controller) by extensions ['ros']
[1.435s] Level 1:colcon.colcon_core.package_identification:_identify(/home/shivam/ros2Workspace03/src/my_robot_controller) by extension 'ros'
[1.438s] DEBUG:colcon.colcon_core.package_identification:Package '/home/shivam/ros2Workspace03/src/my_robot_controller' with type 'ros.ament_python' and name 'my_robot_controller'
[1.439s] Level 1:colcon.colcon_core.package_discovery:discover_packages(recursive) using defaults
