running develop
Removing /home/shivam/ros2Workspace03/install/my_robot_controller/lib/python3.10/site-packages/my-robot-controller.egg-link (link to .)
running egg_info
writing ../../build/my_robot_controller/my_robot_controller.egg-info/PKG-INFO
writing dependency_links to ../../build/my_robot_controller/my_robot_controller.egg-info/dependency_links.txt
writing entry points to ../../build/my_robot_controller/my_robot_controller.egg-info/entry_points.txt
writing requirements to ../../build/my_robot_controller/my_robot_controller.egg-info/requires.txt
writing top-level names to ../../build/my_robot_controller/my_robot_controller.egg-info/top_level.txt
reading manifest file '../../build/my_robot_controller/my_robot_controller.egg-info/SOURCES.txt'
writing manifest file '../../build/my_robot_controller/my_robot_controller.egg-info/SOURCES.txt'
running build
running build_py
running install
running install_lib
creating /home/shivam/ros2Workspace03/install/my_robot_controller/lib/python3.10/site-packages/my_robot_controller
copying /home/shivam/ros2Workspace03/build/my_robot_controller/build/lib/my_robot_controller/firstNode.py -> /home/shivam/ros2Workspace03/install/my_robot_controller/lib/python3.10/site-packages/my_robot_controller
copying /home/shivam/ros2Workspace03/build/my_robot_controller/build/lib/my_robot_controller/__init__.py -> /home/shivam/ros2Workspace03/install/my_robot_controller/lib/python3.10/site-packages/my_robot_controller
byte-compiling /home/shivam/ros2Workspace03/install/my_robot_controller/lib/python3.10/site-packages/my_robot_controller/firstNode.py to firstNode.cpython-310.pyc
byte-compiling /home/shivam/ros2Workspace03/install/my_robot_controller/lib/python3.10/site-packages/my_robot_controller/__init__.py to __init__.cpython-310.pyc
running install_data
running install_egg_info
Copying ../../build/my_robot_controller/my_robot_controller.egg-info to /home/shivam/ros2Workspace03/install/my_robot_controller/lib/python3.10/site-packages/my_robot_controller-0.0.0-py3.10.egg-info
running install_scripts
Installing test_node script to /home/shivam/ros2Workspace03/install/my_robot_controller/lib/my_robot_controller
writing list of installed files to '/home/shivam/ros2Workspace03/build/my_robot_controller/install.log'
