[0.968s] Invoking command in '/home/shivam/ros2Workspace03/src/my_robot_controller': PYTHONPATH=/home/shivam/ros2Workspace03/build/my_robot_controller/prefix_override:/home/shivam/ros2Workspace03/install/my_robot_controller/lib/python3.10/site-packages:${PYTHONPATH} /usr/bin/python3 setup.py egg_info --egg-base ../../build/my_robot_controller build --build-base /home/shivam/ros2Workspace03/build/my_robot_controller/build install --record /home/shivam/ros2Workspace03/build/my_robot_controller/install.log --single-version-externally-managed
[1.270s] running egg_info
[1.272s] writing ../../build/my_robot_controller/my_robot_controller.egg-info/PKG-INFO
[1.273s] writing dependency_links to ../../build/my_robot_controller/my_robot_controller.egg-info/dependency_links.txt
[1.273s] writing entry points to ../../build/my_robot_controller/my_robot_controller.egg-info/entry_points.txt
[1.274s] writing requirements to ../../build/my_robot_controller/my_robot_controller.egg-info/requires.txt
[1.274s] writing top-level names to ../../build/my_robot_controller/my_robot_controller.egg-info/top_level.txt
[1.279s] reading manifest file '../../build/my_robot_controller/my_robot_controller.egg-info/SOURCES.txt'
[1.280s] writing manifest file '../../build/my_robot_controller/my_robot_controller.egg-info/SOURCES.txt'
[1.280s] running build
[1.280s] running build_py
[1.281s] copying my_robot_controller/firstNode.py -> /home/shivam/ros2Workspace03/build/my_robot_controller/build/lib/my_robot_controller
[1.281s] running install
[1.282s] running install_lib
[1.283s] copying /home/shivam/ros2Workspace03/build/my_robot_controller/build/lib/my_robot_controller/firstNode.py -> /home/shivam/ros2Workspace03/install/my_robot_controller/lib/python3.10/site-packages/my_robot_controller
[1.283s] byte-compiling /home/shivam/ros2Workspace03/install/my_robot_controller/lib/python3.10/site-packages/my_robot_controller/firstNode.py to firstNode.cpython-310.pyc
[1.285s] running install_data
[1.286s] running install_egg_info
[1.289s] removing '/home/shivam/ros2Workspace03/install/my_robot_controller/lib/python3.10/site-packages/my_robot_controller-0.0.0-py3.10.egg-info' (and everything under it)
[1.289s] Copying ../../build/my_robot_controller/my_robot_controller.egg-info to /home/shivam/ros2Workspace03/install/my_robot_controller/lib/python3.10/site-packages/my_robot_controller-0.0.0-py3.10.egg-info
[1.290s] running install_scripts
[1.314s] Installing test_node script to /home/shivam/ros2Workspace03/install/my_robot_controller/lib/my_robot_controller
[1.314s] writing list of installed files to '/home/shivam/ros2Workspace03/build/my_robot_controller/install.log'
[1.351s] Invoked command in '/home/shivam/ros2Workspace03/src/my_robot_controller' returned '0': PYTHONPATH=/home/shivam/ros2Workspace03/build/my_robot_controller/prefix_override:/home/shivam/ros2Workspace03/install/my_robot_controller/lib/python3.10/site-packages:${PYTHONPATH} /usr/bin/python3 setup.py egg_info --egg-base ../../build/my_robot_controller build --build-base /home/shivam/ros2Workspace03/build/my_robot_controller/build install --record /home/shivam/ros2Workspace03/build/my_robot_controller/install.log --single-version-externally-managed
